
Showing logs for build [32mjstrachan-nodey410-master-2jqxj-1[0m stage [32mfrom-build-pack[0m and container [32mstep-credential-initializer-5lgh5[0m
{"level":"warn","ts":1580232757.2489953,"logger":"fallback-logger","caller":"logging/config.go:69","msg":"Fetch GitHub commit ID from kodata failed: \"ref: refs/heads/0.8.0-**-support-backwards-incompats\" is not a valid GitHub commit ID"}
{"level":"info","ts":1580232757.2499187,"logger":"fallback-logger","caller":"creds-init/main.go:40","msg":"Credentials initialized."}

Showing logs for build [32mjstrachan-nodey410-master-2jqxj-1[0m stage [32mfrom-build-pack[0m and container [32mstep-working-dir-initializer-kmp7s[0m
{"level":"warn","ts":1580232757.916942,"logger":"fallback-logger","caller":"logging/config.go:69","msg":"Fetch GitHub commit ID from kodata failed: open /var/run/ko/HEAD: no such file or directory"}
{"level":"info","ts":1580232757.9184713,"logger":"fallback-logger","caller":"bash/main.go:64","msg":"Successfully executed command \"sh -c mkdir -p /workspace/source\"; output "}

Showing logs for build [32mjstrachan-nodey410-master-2jqxj-1[0m stage [32mfrom-build-pack[0m and container [32mstep-place-tools[0m

Showing logs for build [32mjstrachan-nodey410-master-2jqxj-1[0m stage [32mfrom-build-pack[0m and container [32mstep-git-source-jstrachan-nodey410-master-fqqhl[0m
{"level":"warn","ts":1580232854.9864707,"logger":"fallback-logger","caller":"logging/config.go:69","msg":"Fetch GitHub commit ID from kodata failed: \"ref: refs/heads/0.8.0-**-support-backwards-incompats\" is not a valid GitHub commit ID"}
{"level":"info","ts":1580232856.0951638,"logger":"fallback-logger","caller":"git/git.go:103","msg":"Successfully cloned https://github.com/*********/nodey410.git @ v0.0.1 in path /workspace/source"}

Showing logs for build [32mjstrachan-nodey410-master-2jqxj-1[0m stage [32mfrom-build-pack[0m and container [32mstep-git-merge[0m
Using SHAs from PULL_REFS=master:
WARNING: no SHAs to merge, falling back to initial cloned commit

Showing logs for build [32mjstrachan-nodey410-master-2jqxj-1[0m stage [32mfrom-build-pack[0m and container [32mstep-setup-jx-git-credentials[0m
Generated Git credentials file /workspace/xdg_config/git/credentials

Showing logs for build [32mjstrachan-nodey410-master-2jqxj-1[0m stage [32mfrom-build-pack[0m and container [32mstep-build-npmrc[0m
WARNING: failed to find Secret npm-token in namespace **

Showing logs for build [32mjstrachan-nodey410-master-2jqxj-1[0m stage [32mfrom-build-pack[0m and container [32mstep-build-npm-install[0m
npm notice created a lockfile as package-lock.json. You should commit this file.
npm WARN REPLACE_ME@1.0.0 No repository field.
npm WARN REPLACE_ME@1.0.0 No license field.

up to date in 0.418s
found 0 vulnerabilities


Showing logs for build [32mjstrachan-nodey410-master-2jqxj-1[0m stage [32mfrom-build-pack[0m and container [32mstep-build-npm-test[0m

> REPLACE_ME@1.0.0 test /workspace/source
> echo "no test specified" && exit 0

no test specified

Showing logs for build [32mjstrachan-nodey410-master-2jqxj-1[0m stage [32mfrom-build-pack[0m and container [32mstep-build-container-build[0m
[36mINFO[0m[0000] Downloading base image node:9-slim           
ERROR: logging before flag.Parse: E0128 17:34:19.047656      10 metadata.go:142] while reading 'google-dockercfg' metadata: http status code: 404 while fetching url http://metadata.google.internal./computeMetadata/v1/instance/attributes/google-dockercfg
ERROR: logging before flag.Parse: E0128 17:34:19.052582      10 metadata.go:159] while reading 'google-dockercfg-url' metadata: http status code: 404 while fetching url http://metadata.google.internal./computeMetadata/v1/instance/attributes/google-dockercfg-url
2020/01/28 17:34:19 No matching credentials were found, falling back on anonymous
[36mINFO[0m[0001] Error while retrieving image from cache: getting file info: stat /workspace/sha256:0e0175bbe4f8d9d104590d8d2c591017874e30977cb71aaff1cf6fa99479575c: no such file or directory 
[36mINFO[0m[0001] Downloading base image node:9-slim           
2020/01/28 17:34:20 No matching credentials were found, falling back on anonymous
[36mINFO[0m[0002] Executing 0 build triggers                   
[36mINFO[0m[0002] cmd: EXPOSE                                  
[36mINFO[0m[0002] Adding exposed port: 8080/tcp                
[36mINFO[0m[0002] Using files from context: [/workspace/source] 
[36mINFO[0m[0002] Skipping unpacking as no commands require it. 
[36mINFO[0m[0002] Taking snapshot of full filesystem...        
[36mINFO[0m[0002] ENV PORT 8080                                
[36mINFO[0m[0002] No files changed in this command, skipping snapshotting. 
[36mINFO[0m[0002] EXPOSE 8080                                  
[36mINFO[0m[0002] cmd: EXPOSE                                  
[36mINFO[0m[0002] Adding exposed port: 8080/tcp                
[36mINFO[0m[0002] No files changed in this command, skipping snapshotting. 
[36mINFO[0m[0002] WORKDIR /usr/src/app                         
[36mINFO[0m[0002] cmd: workdir                                 
[36mINFO[0m[0002] Changed working directory to /usr/src/app    
[36mINFO[0m[0002] Creating directory /usr/src/app              
[36mINFO[0m[0002] Taking snapshot of files...                  
[36mINFO[0m[0002] Using files from context: [/workspace/source] 
[36mINFO[0m[0002] COPY . .                                     
[36mINFO[0m[0002] Taking snapshot of files...                  
[36mINFO[0m[0002] CMD ["npm", "start"]                         
[36mINFO[0m[0002] No files changed in this command, skipping snapshotting. 
2020/01/28 17:34:27 pushed blob: sha256:9ce6086757629080efb0dd3f5bd8ea07eb1ca2c90aadee6f0724f5d786c449a7
2020/01/28 17:34:27 pushed blob: sha256:7d083412657baa2dafba8d093034ef26f9ed2c90fb6ed95f76bb55aff03ed429
2020/01/28 17:34:27 pushed blob: sha256:1b428068374dd69f6167fe9309f360de3a02a8a39e7530dfcd4da4a37843195d
2020/01/28 17:34:27 pushed blob: sha256:0824b959abbab3835c8bdaec2c7b4b68c2f4e1dae7da689c57fbdf8eecd4a145
2020/01/28 17:34:27 pushed blob: sha256:e01bd28a434b56ffd2a3fe9aa99b9b69aecca69904843edd30b1ee7150d79904
2020/01/28 17:34:27 pushed blob: sha256:196b8e3c919d5639193ba6c6e54774528942041bbc37606631a2250502985c3c
2020/01/28 17:34:30 pushed blob: sha256:5bba3ecb4cd6374a19da45f2a3db0a9c0804984358b3bb4b666c28944016e5ff
2020/01/28 17:34:31 pushed blob: sha256:a88538b9cd05cfa611e43a25582a95ad7879f6fa708b0386a26b71ee62235bb3
2020/01/28 17:34:34 gcr.io/*********-multicluster/nodey410:0.0.1: digest: sha256:28d9a31b57bea6ecf3a5eb0776d8b503c3cc4ae5269e06d5014c9d5f275ea9ec size: 1404

Showing logs for build [32mjstrachan-nodey410-master-2jqxj-1[0m stage [32mfrom-build-pack[0m and container [32mstep-build-post-build[0m
no CVE provider running in the current ** namespace so skip adding image to be analysed

Showing logs for build [32mjstrachan-nodey410-master-2jqxj-1[0m stage [32mfrom-build-pack[0m and container [32mstep-promote-changelog[0m
Converted /workspace/source/charts/nodey410 to an unshallow repository
Generating change log from git ref 9051ba6081523aabacbced4e9a6881c6b76571bc => 269a0a1bad8d8eaf25842c9e1d28b387df8ecdad
Associating user x-0 in users.jenkins.io with email james.strachan@gmail.com to git GitProvider user with login -0 as emails match
Adding label jenkins.io/git-github-userid=-0 to user x-0 in users.jenkins.io
WARNING: Failed to enrich commit b9504f92d1d2fc979924aeeb881ff2b79f41fe3b with issues: User.jenkins.io "x-0" is invalid: metadata.labels: Invalid value: "-0": a valid label must be an empty string or consist of alphanumeric characters, '-', '_' or '.', and must start and end with an alphanumeric character (e.g. 'MyValue',  or 'my_value',  or '12345', regex used for validation is '(([A-Za-z0-9][-A-Za-z0-9_.]*)?[A-Za-z0-9])?')
Finding issues in commit messages using git format
WARNING: No release found for *********/nodey410 and tag v0.0.1 so creating a new release
Updated the release information at https://github.com/*********/nodey410/releases/tag/v0.0.1
generated: /workspace/source/charts/nodey410/templates/release.yaml
Created Release nodey410-0-0-1 resource in namespace **
Updating PipelineActivity *********-nodey410-master-1 with version 0.0.1
Updated PipelineActivities *********-nodey410-master-1 with release notes URL: https://github.com/*********/nodey410/releases/tag/v0.0.1

Showing logs for build [32mjstrachan-nodey410-master-2jqxj-1[0m stage [32mfrom-build-pack[0m and container [32mstep-promote-helm-release[0m
WARNING: No $CHART_REPOSITORY defined so using the default value of: http://jenkins-x-chartmuseum:8080
Adding missing Helm repo: storage.googleapis.com https://storage.googleapis.com/chartmuseum.jenkins-x.io
Successfully added Helm repository storage.googleapis.com.
Adding missing Helm repo: jenkins-x-chartmuseum http://jenkins-x-chartmuseum:8080
Successfully added Helm repository jenkins-x-chartmuseum.
WARNING: No $CHART_REPOSITORY defined so using the default value of: http://jenkins-x-chartmuseum:8080
Uploading chart file nodey410-0.0.1.tgz to http://jenkins-x-chartmuseum:8080/api/charts
Received 201 response: {"saved":true}

Showing logs for build [32mjstrachan-nodey410-master-2jqxj-1[0m stage [32mfrom-build-pack[0m and container [32mstep-promote-jx-promote[0m
WARNING: prow based install so skip waiting for the merge of Pull Requests to go green as currently there is an issue with gettingstatuses from the PR, see https://github.com/jenkins-x/**/issues/2410
Promoting app nodey410 version 0.0.1 to namespace **-staging
WARNING: Waiting for the fork of *********/environment-*********-dev-staging to appear...
Forked Git repository to https://github.com/*********/environment-*********-dev-staging
Created Pull Request: https://github.com/cb-kubecd/environment-*********-dev-staging/pull/1
WARNING: Failed to query the Pull Request last commit status for https://github.com/cb-kubecd/environment-*********-dev-staging/pull/1 ref e923e44fb34a60633f6b430abb988db1a3dadf9c Could not find a status for repository cb-kubecd/environment-*********-dev-staging with ref e923e44fb34a60633f6b430abb988db1a3dadf9c
error: Timed out waiting for pull request https://github.com/cb-kubecd/environment-*********-dev-staging/pull/1 to merge. Waited 1h0m0s
[31m
Pipeline failed on stage 'from-build-pack' : container 'step-promote-jx-promote'. The execution of the pipeline has stopped.[0m
