
Showing logs for build [32mjstrachan-nodey410-master-gjxtq-5[0m stage [32mfrom-build-pack[0m and container [32mstep-credential-initializer-9tzrh[0m
{"level":"warn","ts":1580285310.495256,"logger":"fallback-logger","caller":"logging/config.go:69","msg":"Fetch GitHub commit ID from kodata failed: \"ref: refs/heads/0.8.0-**-support-backwards-incompats\" is not a valid GitHub commit ID"}
{"level":"info","ts":1580285310.4963024,"logger":"fallback-logger","caller":"creds-init/main.go:40","msg":"Credentials initialized."}

Showing logs for build [32mjstrachan-nodey410-master-gjxtq-5[0m stage [32mfrom-build-pack[0m and container [32mstep-working-dir-initializer-zd8ct[0m
{"level":"warn","ts":1580285311.3803654,"logger":"fallback-logger","caller":"logging/config.go:69","msg":"Fetch GitHub commit ID from kodata failed: open /var/run/ko/HEAD: no such file or directory"}
{"level":"info","ts":1580285311.391257,"logger":"fallback-logger","caller":"bash/main.go:64","msg":"Successfully executed command \"sh -c mkdir -p /workspace/source\"; output "}

Showing logs for build [32mjstrachan-nodey410-master-gjxtq-5[0m stage [32mfrom-build-pack[0m and container [32mstep-place-tools[0m

Showing logs for build [32mjstrachan-nodey410-master-gjxtq-5[0m stage [32mfrom-build-pack[0m and container [32mstep-git-source-jstrachan-nodey410-master-gjxtq-zjswq[0m
{"level":"warn","ts":1580285346.4538991,"logger":"fallback-logger","caller":"logging/config.go:69","msg":"Fetch GitHub commit ID from kodata failed: \"ref: refs/heads/0.8.0-**-support-backwards-incompats\" is not a valid GitHub commit ID"}
{"level":"info","ts":1580285347.2285373,"logger":"fallback-logger","caller":"git/git.go:103","msg":"Successfully cloned https://github.com/*********/nodey410.git @ v0.0.5 in path /workspace/source"}

Showing logs for build [32mjstrachan-nodey410-master-gjxtq-5[0m stage [32mfrom-build-pack[0m and container [32mstep-git-merge[0m
Using SHAs from PULL_REFS=master:
WARNING: no SHAs to merge, falling back to initial cloned commit

Showing logs for build [32mjstrachan-nodey410-master-gjxtq-5[0m stage [32mfrom-build-pack[0m and container [32mstep-setup-jx-git-credentials[0m
Generated Git credentials file /workspace/xdg_config/git/credentials

Showing logs for build [32mjstrachan-nodey410-master-gjxtq-5[0m stage [32mfrom-build-pack[0m and container [32mstep-build-npmrc[0m
Command "credential" is deprecated, it will be removed on Feb 1 2020.  This is replaced by Tekton's mounted secrets
WARNING: failed to find Secret npm-token in namespace **

Showing logs for build [32mjstrachan-nodey410-master-gjxtq-5[0m stage [32mfrom-build-pack[0m and container [32mstep-build-npm-install[0m
npm notice created a lockfile as package-lock.json. You should commit this file.
npm WARN REPLACE_ME@1.0.0 No repository field.
npm WARN REPLACE_ME@1.0.0 No license field.

up to date in 0.411s
found 0 vulnerabilities


Showing logs for build [32mjstrachan-nodey410-master-gjxtq-5[0m stage [32mfrom-build-pack[0m and container [32mstep-build-npm-test[0m

> REPLACE_ME@1.0.0 test /workspace/source
> echo "no test specified" && exit 0

no test specified

Showing logs for build [32mjstrachan-nodey410-master-gjxtq-5[0m stage [32mfrom-build-pack[0m and container [32mstep-build-container-build[0m
[36mINFO[0m[0000] Downloading base image node:9-slim           
ERROR: logging before flag.Parse: E0129 08:09:12.903363      10 metadata.go:142] while reading 'google-dockercfg' metadata: http status code: 404 while fetching url http://metadata.google.internal./computeMetadata/v1/instance/attributes/google-dockercfg
ERROR: logging before flag.Parse: E0129 08:09:12.907648      10 metadata.go:159] while reading 'google-dockercfg-url' metadata: http status code: 404 while fetching url http://metadata.google.internal./computeMetadata/v1/instance/attributes/google-dockercfg-url
2020/01/29 08:09:12 No matching credentials were found, falling back on anonymous
[36mINFO[0m[0001] Error while retrieving image from cache: getting file info: stat /workspace/sha256:0e0175bbe4f8d9d104590d8d2c591017874e30977cb71aaff1cf6fa99479575c: no such file or directory 
[36mINFO[0m[0001] Downloading base image node:9-slim           
2020/01/29 08:09:14 No matching credentials were found, falling back on anonymous
[36mINFO[0m[0002] Executing 0 build triggers                   
[36mINFO[0m[0002] cmd: EXPOSE                                  
[36mINFO[0m[0002] Adding exposed port: 8080/tcp                
[36mINFO[0m[0002] Using files from context: [/workspace/source] 
[36mINFO[0m[0002] Skipping unpacking as no commands require it. 
[36mINFO[0m[0002] Taking snapshot of full filesystem...        
[36mINFO[0m[0002] ENV PORT 8080                                
[36mINFO[0m[0002] No files changed in this command, skipping snapshotting. 
[36mINFO[0m[0002] EXPOSE 8080                                  
[36mINFO[0m[0002] cmd: EXPOSE                                  
[36mINFO[0m[0002] Adding exposed port: 8080/tcp                
[36mINFO[0m[0002] No files changed in this command, skipping snapshotting. 
[36mINFO[0m[0002] WORKDIR /usr/src/app                         
[36mINFO[0m[0002] cmd: workdir                                 
[36mINFO[0m[0002] Changed working directory to /usr/src/app    
[36mINFO[0m[0002] Creating directory /usr/src/app              
[36mINFO[0m[0002] Taking snapshot of files...                  
[36mINFO[0m[0002] Using files from context: [/workspace/source] 
[36mINFO[0m[0002] COPY . .                                     
[36mINFO[0m[0002] Taking snapshot of files...                  
[36mINFO[0m[0002] CMD ["npm", "start"]                         
[36mINFO[0m[0002] No files changed in this command, skipping snapshotting. 
2020/01/29 08:09:15 existing blob: sha256:e01bd28a434b56ffd2a3fe9aa99b9b69aecca69904843edd30b1ee7150d79904
2020/01/29 08:09:15 existing blob: sha256:7d083412657baa2dafba8d093034ef26f9ed2c90fb6ed95f76bb55aff03ed429
2020/01/29 08:09:15 existing blob: sha256:5bba3ecb4cd6374a19da45f2a3db0a9c0804984358b3bb4b666c28944016e5ff
2020/01/29 08:09:15 existing blob: sha256:196b8e3c919d5639193ba6c6e54774528942041bbc37606631a2250502985c3c
2020/01/29 08:09:15 existing blob: sha256:a88538b9cd05cfa611e43a25582a95ad7879f6fa708b0386a26b71ee62235bb3
2020/01/29 08:09:18 pushed blob: sha256:5c1ff54ba7b13ad0f11d105c68d65ef4fb526431baa9895b7caa7bbcd1a85ea1
2020/01/29 08:09:18 pushed blob: sha256:8c1f0855ca91074c8d9f9e1acc4512469454a8b38c11a2c607aa9ef2353e3d60
2020/01/29 08:09:18 pushed blob: sha256:8d8bc7675e3120b067e9a3e47fc879eda37d389b2b3eaf3c8ef14dfe6907571f
2020/01/29 08:09:20 gcr.io/*********-multicluster/nodey410:0.0.5: digest: sha256:a75559d6fc6b224d18d8f0a560dac4f3b175089343e9dcac03578bc4d958a051 size: 1404

Showing logs for build [32mjstrachan-nodey410-master-gjxtq-5[0m stage [32mfrom-build-pack[0m and container [32mstep-build-post-build[0m
no CVE provider running in the current ** namespace so skip adding image to be analysed

Showing logs for build [32mjstrachan-nodey410-master-gjxtq-5[0m stage [32mfrom-build-pack[0m and container [32mstep-promote-changelog[0m
Converted /workspace/source/charts/nodey410 to an unshallow repository
Generating change log from git ref f64082f6b06c5b242150c9ec16d02652a69528ff => d69797c642615678410f88b75a9271acb3f364ac
WARNING: No release found for *********/nodey410 and tag v0.0.5 so creating a new release
Updated the release information at https://github.com/*********/nodey410/releases/tag/v0.0.5
generated: /workspace/source/charts/nodey410/templates/release.yaml
Created Release nodey410-0-0-5 resource in namespace **
Updating PipelineActivity *********-nodey410-master-5 with version 0.0.5
Updated PipelineActivities *********-nodey410-master-5 with release notes URL: https://github.com/*********/nodey410/releases/tag/v0.0.5

Showing logs for build [32mjstrachan-nodey410-master-gjxtq-5[0m stage [32mfrom-build-pack[0m and container [32mstep-promote-helm-release[0m
WARNING: No $CHART_REPOSITORY defined so using the default value of: http://jenkins-x-chartmuseum:8080
Adding missing Helm repo: storage.googleapis.com https://storage.googleapis.com/chartmuseum.jenkins-x.io
Successfully added Helm repository storage.googleapis.com.
Adding missing Helm repo: jenkins-x-chartmuseum http://jenkins-x-chartmuseum:8080
Successfully added Helm repository jenkins-x-chartmuseum.
WARNING: No $CHART_REPOSITORY defined so using the default value of: http://jenkins-x-chartmuseum:8080
Uploading chart file nodey410-0.0.5.tgz to http://jenkins-x-chartmuseum:8080/api/charts
Received 201 response: {"saved":true}

Showing logs for build [32mjstrachan-nodey410-master-gjxtq-5[0m stage [32mfrom-build-pack[0m and container [32mstep-promote-jx-promote[0m
WARNING: prow based install so skip waiting for the merge of Pull Requests to go green as currently there is an issue with gettingstatuses from the PR, see https://github.com/jenkins-x/**/issues/2410
WARNING: No $CHART_REPOSITORY defined so using the default value of: http://jenkins-x-chartmuseum:8080
Promoting app nodey410 version 0.0.5 to namespace **-staging
WARNING: 
Created Pull Request: https://github.com/cb-kubecd/environment-*********-dev-staging/pull/5
Added label updatebot to Pull Request https://github.com/cb-kubecd/environment-*********-dev-staging/pull/5
WARNING: Failed to query the Pull Request last commit status for https://github.com/cb-kubecd/environment-*********-dev-staging/pull/5 ref 8ec12ac102b2639175f7e8feb2f690eb4e4d54cc Could not find a status for repository cb-kubecd/environment-*********-dev-staging with ref 8ec12ac102b2639175f7e8feb2f690eb4e4d54cc
got git provider status pending from PR https://github.com/cb-kubecd/environment-*********-dev-staging/pull/5
got git provider status pending from PR https://github.com/cb-kubecd/environment-*********-dev-staging/pull/5
got git provider status pending from PR https://github.com/cb-kubecd/environment-*********-dev-staging/pull/5
got git provider status pending from PR https://github.com/cb-kubecd/environment-*********-dev-staging/pull/5
got git provider status pending from PR https://github.com/cb-kubecd/environment-*********-dev-staging/pull/5
Pull Request https://github.com/cb-kubecd/environment-*********-dev-staging/pull/5 is merged at sha 725746fe56456f8407ca259bc774427912ffcba1
Pull Request merged but we are not waiting for the update pipeline to complete!
WARNING: Could not find the service URL in namespace **-staging for names nodey410, **-nodey410, **-staging-nodey410
